TN:
SF:src/calculator.ts
FN:5,(anonymous_8)
FN:8,(anonymous_9)
FN:12,(anonymous_10)
FN:16,(anonymous_11)
FN:19,(anonymous_12)
FN:23,(anonymous_13)
FN:26,(anonymous_14)
FN:33,(anonymous_15)
FN:39,(anonymous_16)
FN:43,(anonymous_17)
FN:44,(anonymous_18)
FN:45,(anonymous_19)
FN:50,(anonymous_20)
FN:54,(anonymous_22)
FNF:14
FNH:12
FNDA:4,(anonymous_8)
FNDA:1,(anonymous_9)
FNDA:1,(anonymous_10)
FNDA:7,(anonymous_11)
FNDA:1,(anonymous_12)
FNDA:1,(anonymous_13)
FNDA:2,(anonymous_14)
FNDA:0,(anonymous_15)
FNDA:0,(anonymous_16)
FNDA:2,(anonymous_17)
FNDA:2,(anonymous_18)
FNDA:2,(anonymous_19)
FNDA:2,(anonymous_20)
FNDA:2,(anonymous_22)
DA:2,1
DA:3,1
DA:6,4
DA:9,1
DA:10,1
DA:13,1
DA:14,1
DA:17,7
DA:20,1
DA:21,1
DA:24,1
DA:27,2
DA:28,0
DA:30,2
DA:34,0
DA:35,0
DA:36,0
DA:40,0
DA:44,2
DA:45,2
DA:46,2
DA:51,2
DA:55,2
DA:58,1
LF:24
LH:19
BRDA:27,0,0,0
BRDA:27,0,1,2
BRF:2
BRH:1
end_of_record
